{"/Users/glebbahmutov/git/taste-the-sauce-answers-vite/src/index.jsx": {"path":"/Users/glebbahmutov/git/taste-the-sauce-answers-vite/src/index.jsx","statementMap":{},"fnMap":{},"branchMap":{},"s":{},"f":{},"b":{}}
,"/Users/glebbahmutov/git/taste-the-sauce-answers-vite/src/components/Button.jsx": {"path":"/Users/glebbahmutov/git/taste-the-sauce-answers-vite/src/components/Button.jsx","statementMap":{},"fnMap":{},"branchMap":{},"s":{},"f":{},"b":{}}
,"/Users/glebbahmutov/git/taste-the-sauce-answers-vite/src/components/CartButton.jsx": {"path":"/Users/glebbahmutov/git/taste-the-sauce-answers-vite/src/components/CartButton.jsx","statementMap":{},"fnMap":{},"branchMap":{},"s":{},"f":{},"b":{}}
,"/Users/glebbahmutov/git/taste-the-sauce-answers-vite/src/components/CartItem.jsx": {"path":"/Users/glebbahmutov/git/taste-the-sauce-answers-vite/src/components/CartItem.jsx","statementMap":{},"fnMap":{},"branchMap":{},"s":{},"f":{},"b":{}}
,"/Users/glebbahmutov/git/taste-the-sauce-answers-vite/src/components/DrawerMenu.jsx": {"path":"/Users/glebbahmutov/git/taste-the-sauce-answers-vite/src/components/DrawerMenu.jsx","statementMap":{},"fnMap":{},"branchMap":{},"s":{},"f":{},"b":{}}
,"/Users/glebbahmutov/git/taste-the-sauce-answers-vite/src/components/ErrorMessage.jsx": {"path":"/Users/glebbahmutov/git/taste-the-sauce-answers-vite/src/components/ErrorMessage.jsx","statementMap":{},"fnMap":{},"branchMap":{},"s":{},"f":{},"b":{}}
,"/Users/glebbahmutov/git/taste-the-sauce-answers-vite/src/components/Footer.jsx": {"path":"/Users/glebbahmutov/git/taste-the-sauce-answers-vite/src/components/Footer.jsx","statementMap":{},"fnMap":{},"branchMap":{},"s":{},"f":{},"b":{}}
,"/Users/glebbahmutov/git/taste-the-sauce-answers-vite/src/components/HeaderContainer.jsx": {"path":"/Users/glebbahmutov/git/taste-the-sauce-answers-vite/src/components/HeaderContainer.jsx","statementMap":{},"fnMap":{},"branchMap":{},"s":{},"f":{},"b":{}}
,"/Users/glebbahmutov/git/taste-the-sauce-answers-vite/src/components/InputError.jsx": {"path":"/Users/glebbahmutov/git/taste-the-sauce-answers-vite/src/components/InputError.jsx","statementMap":{},"fnMap":{},"branchMap":{},"s":{},"f":{},"b":{}}
,"/Users/glebbahmutov/git/taste-the-sauce-answers-vite/src/components/InventoryListItem.jsx": {"path":"/Users/glebbahmutov/git/taste-the-sauce-answers-vite/src/components/InventoryListItem.jsx","statementMap":{},"fnMap":{},"branchMap":{},"s":{},"f":{},"b":{}}
,"/Users/glebbahmutov/git/taste-the-sauce-answers-vite/src/components/PrivateRoute.jsx": {"path":"/Users/glebbahmutov/git/taste-the-sauce-answers-vite/src/components/PrivateRoute.jsx","statementMap":{},"fnMap":{},"branchMap":{},"s":{},"f":{},"b":{}}
,"/Users/glebbahmutov/git/taste-the-sauce-answers-vite/src/components/Select.jsx": {"path":"/Users/glebbahmutov/git/taste-the-sauce-answers-vite/src/components/Select.jsx","statementMap":{},"fnMap":{},"branchMap":{},"s":{},"f":{},"b":{}}
,"/Users/glebbahmutov/git/taste-the-sauce-answers-vite/src/components/SubmitButton.jsx": {"path":"/Users/glebbahmutov/git/taste-the-sauce-answers-vite/src/components/SubmitButton.jsx","statementMap":{},"fnMap":{},"branchMap":{},"s":{},"f":{},"b":{}}
,"/Users/glebbahmutov/git/taste-the-sauce-answers-vite/src/pages/Cart.jsx": {"path":"/Users/glebbahmutov/git/taste-the-sauce-answers-vite/src/pages/Cart.jsx","statementMap":{},"fnMap":{},"branchMap":{},"s":{},"f":{},"b":{}}
,"/Users/glebbahmutov/git/taste-the-sauce-answers-vite/src/pages/CheckOutStepOne.jsx": {"path":"/Users/glebbahmutov/git/taste-the-sauce-answers-vite/src/pages/CheckOutStepOne.jsx","statementMap":{},"fnMap":{},"branchMap":{},"s":{},"f":{},"b":{}}
,"/Users/glebbahmutov/git/taste-the-sauce-answers-vite/src/pages/CheckOutStepTwo.jsx": {"path":"/Users/glebbahmutov/git/taste-the-sauce-answers-vite/src/pages/CheckOutStepTwo.jsx","statementMap":{},"fnMap":{},"branchMap":{},"s":{},"f":{},"b":{}}
,"/Users/glebbahmutov/git/taste-the-sauce-answers-vite/src/pages/Finish.jsx": {"path":"/Users/glebbahmutov/git/taste-the-sauce-answers-vite/src/pages/Finish.jsx","statementMap":{},"fnMap":{},"branchMap":{},"s":{},"f":{},"b":{}}
,"/Users/glebbahmutov/git/taste-the-sauce-answers-vite/src/pages/Inventory.jsx": {"path":"/Users/glebbahmutov/git/taste-the-sauce-answers-vite/src/pages/Inventory.jsx","statementMap":{},"fnMap":{},"branchMap":{},"s":{},"f":{},"b":{}}
,"/Users/glebbahmutov/git/taste-the-sauce-answers-vite/src/pages/InventoryItem.jsx": {"path":"/Users/glebbahmutov/git/taste-the-sauce-answers-vite/src/pages/InventoryItem.jsx","statementMap":{},"fnMap":{},"branchMap":{},"s":{},"f":{},"b":{}}
,"/Users/glebbahmutov/git/taste-the-sauce-answers-vite/src/pages/Login.jsx": {"path":"/Users/glebbahmutov/git/taste-the-sauce-answers-vite/src/pages/Login.jsx","statementMap":{},"fnMap":{},"branchMap":{},"s":{},"f":{},"b":{}}
,"/Users/glebbahmutov/git/taste-the-sauce-answers-vite/src/utils/Constants.js": {"path":"/Users/glebbahmutov/git/taste-the-sauce-answers-vite/src/utils/Constants.js","statementMap":{},"fnMap":{},"branchMap":{},"s":{},"f":{},"b":{}}
,"/Users/glebbahmutov/git/taste-the-sauce-answers-vite/src/utils/Credentials.js": {"path":"/Users/glebbahmutov/git/taste-the-sauce-answers-vite/src/utils/Credentials.js","statementMap":{},"fnMap":{},"branchMap":{},"s":{},"f":{},"b":{}}
,"/Users/glebbahmutov/git/taste-the-sauce-answers-vite/src/utils/InventoryData.js": {"path":"/Users/glebbahmutov/git/taste-the-sauce-answers-vite/src/utils/InventoryData.js","statementMap":{},"fnMap":{},"branchMap":{},"s":{},"f":{},"b":{}}
,"/Users/glebbahmutov/git/taste-the-sauce-answers-vite/src/utils/Sorting.js": {"path":"/Users/glebbahmutov/git/taste-the-sauce-answers-vite/src/utils/Sorting.js","statementMap":{},"fnMap":{},"branchMap":{},"s":{},"f":{},"b":{}}
,"/Users/glebbahmutov/git/taste-the-sauce-answers-vite/src/utils/shopping-cart.js": {"path":"/Users/glebbahmutov/git/taste-the-sauce-answers-vite/src/utils/shopping-cart.js","statementMap":{},"fnMap":{},"branchMap":{},"s":{},"f":{},"b":{}}
}
